1609211604797	geckodriver	INFO	Listening on 127.0.0.1:54405
1609211607842	mozrunner::runner	INFO	Running command: "C:\\Program Files\\Mozilla Firefox\\firefox.exe" "--marionette" "-foreground" "-no-remote" "-profile" "C:\\Users\\Kevin\\AppData\\Local\\Temp\\rust_mozprofilevAcivx"
Can't find symbol 'eglSwapBuffersWithDamageEXT'.
Can't find symbol 'eglSetDamageRegionKHR'.
console.warn: SearchSettings: "get: No settings file exists, new profile?" (new Error("", "(unknown module)"))
1609211609596	Marionette	INFO	Listening on port 54414
1609211609907	Marionette	WARN	TLS certificate errors will be ignored for this session
1609211694203	Marionette	INFO	Stopped listening on port 54414

###!!! [Child][RunMessage] Error: Channel closing: too late to send/recv, messages will be lost

1609211695583	geckodriver	INFO	Listening on 127.0.0.1:54507
1609211698626	mozrunner::runner	INFO	Running command: "C:\\Program Files\\Mozilla Firefox\\firefox.exe" "--marionette" "-foreground" "-no-remote" "-profile" "C:\\Users\\Kevin\\AppData\\Local\\Temp\\rust_mozprofileXiVKER"
Can't find symbol 'eglSwapBuffersWithDamageEXT'.
Can't find symbol 'eglSetDamageRegionKHR'.
console.warn: SearchSettings: "get: No settings file exists, new profile?" (new Error("", "(unknown module)"))
1609211700480	Marionette	INFO	Listening on port 54515
1609211700685	Marionette	WARN	TLS certificate errors will be ignored for this session

###!!! [Child][MessageChannel] Error: (msgtype=0x5B000A,name=PHttpChannel::Msg_DeletingChannel) Channel closing: too late to send/recv, messages will be lost

1609211758567	Marionette	INFO	Stopped listening on port 54515

###!!! [Child][RunMessage] Error: Channel closing: too late to send/recv, messages will be lost

1609211759673	geckodriver	INFO	Listening on 127.0.0.1:54632
1609211762719	mozrunner::runner	INFO	Running command: "C:\\Program Files\\Mozilla Firefox\\firefox.exe" "--marionette" "-foreground" "-no-remote" "-profile" "C:\\Users\\Kevin\\AppData\\Local\\Temp\\rust_mozprofileIS7vdw"
Can't find symbol 'eglSwapBuffersWithDamageEXT'.
Can't find symbol 'eglSetDamageRegionKHR'.
console.warn: SearchSettings: "get: No settings file exists, new profile?" (new Error("", "(unknown module)"))
1609211764634	Marionette	INFO	Listening on port 54640
1609211764780	Marionette	WARN	TLS certificate errors will be ignored for this session
1609211840899	Marionette	INFO	Stopped listening on port 54640

###!!! [Child][RunMessage] Error: Channel closing: too late to send/recv, messages will be lost

1609211872224	geckodriver	INFO	Listening on 127.0.0.1:54745
1609211875316	mozrunner::runner	INFO	Running command: "C:\\Program Files\\Mozilla Firefox\\firefox.exe" "--marionette" "-foreground" "-no-remote" "-profile" "C:\\Users\\Kevin\\AppData\\Local\\Temp\\rust_mozprofilewu9F7i"
Can't find symbol 'eglSwapBuffersWithDamageEXT'.
Can't find symbol 'eglSetDamageRegionKHR'.
console.warn: SearchSettings: "get: No settings file exists, new profile?" (new Error("", "(unknown module)"))
1609211877159	Marionette	INFO	Listening on port 54755
1609211877367	Marionette	WARN	TLS certificate errors will be ignored for this session
1609212595916	Marionette	INFO	Stopped listening on port 54755

###!!! [Child][RunMessage] Error: Channel closing: too late to send/recv, messages will be lost

1609257956462	geckodriver	INFO	Listening on 127.0.0.1:58220
1609257959519	mozrunner::runner	INFO	Running command: "C:\\Program Files\\Mozilla Firefox\\firefox.exe" "--marionette" "-foreground" "-no-remote" "-profile" "C:\\Users\\Kevin\\AppData\\Local\\Temp\\rust_mozprofilen7mis5"
Can't find symbol 'eglSwapBuffersWithDamageEXT'.
Can't find symbol 'eglSetDamageRegionKHR'.
console.warn: SearchSettings: "get: No settings file exists, new profile?" (new Error("", "(unknown module)"))
1609257961400	Marionette	INFO	Listening on port 58229
1609257961584	Marionette	WARN	TLS certificate errors will be ignored for this session
1609258132164	Marionette	INFO	Stopped listening on port 58229

###!!! [Child][RunMessage] Error: Channel closing: too late to send/recv, messages will be lost

1609260003650	geckodriver	INFO	Listening on 127.0.0.1:58886
1609260006687	mozrunner::runner	INFO	Running command: "C:\\Program Files\\Mozilla Firefox\\firefox.exe" "--marionette" "-foreground" "-no-remote" "-profile" "C:\\Users\\Kevin\\AppData\\Local\\Temp\\rust_mozprofileWJ0iyr"
Can't find symbol 'eglSwapBuffersWithDamageEXT'.
Can't find symbol 'eglSetDamageRegionKHR'.
console.warn: SearchSettings: "get: No settings file exists, new profile?" (new Error("", "(unknown module)"))
1609260008572	Marionette	INFO	Listening on port 58894
1609260008747	Marionette	WARN	TLS certificate errors will be ignored for this session
1609260051599	Marionette	INFO	Stopped listening on port 58894

###!!! [Child][RunMessage] Error: Channel closing: too late to send/recv, messages will be lost

1609260054339	geckodriver	INFO	Listening on 127.0.0.1:58983
1609260057370	mozrunner::runner	INFO	Running command: "C:\\Program Files\\Mozilla Firefox\\firefox.exe" "--marionette" "-foreground" "-no-remote" "-profile" "C:\\Users\\Kevin\\AppData\\Local\\Temp\\rust_mozprofile5nnH8r"
Can't find symbol 'eglSwapBuffersWithDamageEXT'.
Can't find symbol 'eglSetDamageRegionKHR'.
console.warn: SearchSettings: "get: No settings file exists, new profile?" (new Error("", "(unknown module)"))
1609260059144	Marionette	INFO	Listening on port 58991
1609260059419	Marionette	WARN	TLS certificate errors will be ignored for this session
1609260475103	Marionette	INFO	Stopped listening on port 58991

###!!! [Child][RunMessage] Error: Channel closing: too late to send/recv, messages will be lost

1609260476915	geckodriver	INFO	Listening on 127.0.0.1:59143
1609260479979	mozrunner::runner	INFO	Running command: "C:\\Program Files\\Mozilla Firefox\\firefox.exe" "--marionette" "-foreground" "-no-remote" "-profile" "C:\\Users\\Kevin\\AppData\\Local\\Temp\\rust_mozprofileEQg2NU"
Can't find symbol 'eglSwapBuffersWithDamageEXT'.
Can't find symbol 'eglSetDamageRegionKHR'.
console.warn: SearchSettings: "get: No settings file exists, new profile?" (new Error("", "(unknown module)"))
1609260481891	Marionette	INFO	Listening on port 59151
1609260482028	Marionette	WARN	TLS certificate errors will be ignored for this session
1609260684908	Marionette	INFO	Stopped listening on port 59151

###!!! [Child][RunMessage] Error: Channel closing: too late to send/recv, messages will be lost

1609260686418	geckodriver	INFO	Listening on 127.0.0.1:59284
1609260689462	mozrunner::runner	INFO	Running command: "C:\\Program Files\\Mozilla Firefox\\firefox.exe" "--marionette" "-foreground" "-no-remote" "-profile" "C:\\Users\\Kevin\\AppData\\Local\\Temp\\rust_mozprofilendHrR0"
Can't find symbol 'eglSwapBuffersWithDamageEXT'.
Can't find symbol 'eglSetDamageRegionKHR'.
console.warn: SearchSettings: "get: No settings file exists, new profile?" (new Error("", "(unknown module)"))
1609260691437	Marionette	INFO	Listening on port 59294
1609260691510	Marionette	WARN	TLS certificate errors will be ignored for this session
1609261141439	Marionette	INFO	Stopped listening on port 59291609261142858	mozrunner::runner	INFO	Running command: "C:\\Program Files\\Mozilla Firefox\\firefox.exe" "--marionette" "-foreground" "-no-remote" "-profile" "C:\\Users\\Kevin\\AppData\\Local\\Temp\\rust_mozprofileqD4eqY"
Can't find symbol 'eglSwapBuffersWithDamageEXT'.
Can't find symbol 'eglSetDamageRegionKHR'.
console.warn: SearchSettings: "get: No settings file exists, new profile?" (new Error("", "(unknown module)"))
1609261144736	Marionette	INFO	Listening on port 59491
1609261144916	Marionette	WARN	TLS certificate errors will be ignored for this session
1609261228521	Marionette	INFO	Stopped listening on port 59491

###!!! [Child][RunMessage] Error: Channel closing: too late to send/recv, messages will be lost

1609261231128	geckodriver	INFO	Listening on 127.0.0.1:59589
1609261234168	mozrunner::runner	INFO	Running command: "C:\\Program Files\\Mozilla Firefox\\firefox.exe" "--marionette" "-foreground" "-no-remote" "-profile" "C:\\Users\\Kevin\\AppData\\Local\\Temp\\rust_mozprofilehO4kGD"
Can't find symbol 'eglSwapBuffersWithDamageEXT'.
Can't find symbol 'eglSetDamageRegionKHR'.
console.warn: SearchSettings: "get: No settings file exists, new profile?" (new Error("", "(unknown module)"))
1609261236068	Marionette	INFO	Listening on port 59597
1609261236224	Marionette	WARN	TLS certificate errors will be ignored for this session
1609261325161	Marionette	INFO	Stopped listening on port 59591609261326655	mozrunner::runner	INFO	Running command: "C:\\Program Files\\Mozilla Firefox\\firefox.exe" "--marionette" "-foreground" "-no-remote" "-profile" "C:\\Users\\Kevin\\AppData\\Local\\Temp\\rust_mozprofile4i37rs"
Can't find symbol 'eglSwapBuffersWithDamageEXT'.
Can't find symbol 'eglSetDamageRegionKHR'.
console.warn: SearchSettings: "get: No settings file exists, new profile?" (new Error("", "(unknown module)"))
1609261328469	Marionette	INFO	Listening on port 59695
1609261328718	Marionette	WARN	TLS certificate errors will be ignored for this session

###!!! [Parent][RunMessage] Error: Channel closing: too late to send/recv, messages will be lost

1609261671783	Marionette	INFO	Stopped listening on port 59695

###!!! [Child][RunMessage] Error: Channel closing: too late to send/recv, messages will be lost

1609263983304	geckodriver	INFO	Listening on 127.0.0.1:60084
1609263986341	mozrunner::runner	INFO	Running command: "C:\\Program Files\\Mozilla Firefox\\firefox.exe" "--marionette" "-foreground" "-no-remote" "-profile" "C:\\Users\\Kevin\\AppData\\Local\\Temp\\rust_mozprofileFspFNC"
Can't find symbol 'eglSwapBuffersWithDamageEXT'.
Can't find symbol 'eglSetDamageRegionKHR'.
console.warn: SearchSettings: "get: No settings file exists, new profile?" (new Error("", "(unknown module)"))
1609263988252	Marionette	INFO	Listening on port 60092
1609263988398	Marionette	WARN	TLS certificate errors will be ignored for this session
1609264056990	Marionette	INFO	Stopped listening on port 60092

###!!! [Child][RunMessage] Error: Channel closing: too late to send/recv, messages will be lost

1609264061286	geckodriver	INFO	Listening on 127.0.0.1:60182
1609264064340	mozrunner::runner	INFO	Running command: "C:\\Program Files\\Mozilla Firefox\\firefox.exe" "--marionette" "-foreground" "-no-remote" "-profile" "C:\\Users\\Kevin\\AppData\\Local\\Temp\\rust_mozprofileaTR0vh"
Can't find symbol 'eglSwapBuffersWithDamageEXT'.
Can't find symbol 'eglSetDamageRegionKHR'.
console.warn: SearchSettings: "get: No settings file exists, new profile?" (new Error("", "(unknown module)"))
1609264066121	Marionette	INFO	Listening on port 60190
1609264066396	Marionette	WARN	TLS certificate errors will be ignored for this session
1609264156980	Marionette	INFO	Stopped listening on port 60191609264157988	mozrunner::runner	INFO	Running command: "C:\\Program Files\\Mozilla Firefox\\firefox.exe" "--marionette" "-foreground" "-no-remote" "-profile" "C:\\Users\\Kevin\\AppData\\Local\\Temp\\rust_mozprofileLZ1D3e"
Can't find symbol 'eglSwapBuffersWithDamageEXT'.
Can't find symbol 'eglSetDamageRegionKHR'.
console.warn: SearchSettings: "get: No settings file exists, new profile?" (new Error("", "(unknown module)"))
1609264159806	Marionette	INFO	Listening on port 60280
1609264160042	Marionette	WARN	TLS certificate errors will be ignored for this session
[Child 10328, Chrome_ChildThread] WARNING: pipe error: 232: file /builds/worker/checkouts/gecko/ipc/chromium/src/chrome/common/ipc_channel_win.cc:545
1609264217851	Marionette	INFO	Stopped listening on port 60280

###!!! [Child][RunMessage] Error: Channel closing: too late to send/recv, messages will be lost

